  RWMonitor.cpp
c:\mysqlcon\include\cppconn\sqlstring.h(39): warning C4251: 'sql::SQLString::realStr': class 'std::basic_string<char,std::char_traits<char>,std::allocator<char>>' needs to have dll-interface to be used by clients of class 'sql::SQLString'
c:\mysqlcon\include\cppconn\exception.h(61): warning C4251: 'sql::SQLException::sql_state': class 'std::basic_string<char,std::char_traits<char>,std::allocator<char>>' needs to have dll-interface to be used by clients of class 'sql::SQLException'
c:\mysqlcon\include\cppconn\exception.h(145): warning C4251: 'sql::SQLUnsupportedOptionException::option': class 'std::basic_string<char,std::char_traits<char>,std::allocator<char>>' needs to have dll-interface to be used by clients of struct 'sql::SQLUnsupportedOptionException'
c:\mysqlcon\include\mysql_connection.h(175): warning C4251: 'sql::mysql::MySQL_Connection::proxy': class 'boost::shared_ptr<sql::mysql::NativeAPI::NativeConnectionWrapper>' needs to have dll-interface to be used by clients of class 'sql::mysql::MySQL_Connection'
c:\mysqlcon\include\mysql_connection.h(179): warning C4251: 'sql::mysql::MySQL_Connection::service': class 'boost::scoped_ptr<sql::mysql::MySQL_Statement>' needs to have dll-interface to be used by clients of class 'sql::mysql::MySQL_Connection'
c:\mysqlcon\include\mysql_connection.h(181): warning C4251: 'sql::mysql::MySQL_Connection::intern': class 'boost::scoped_ptr<sql::mysql::MySQL_ConnectionData>' needs to have dll-interface to be used by clients of class 'sql::mysql::MySQL_Connection'
  Player.cpp
c:\users\mattgerig\documents\college\games engineering\boostrw\rwmonitor\rwmonitor\player.cpp(14): warning C4305: 'argument': truncation from 'double' to 'float'
c:\users\mattgerig\documents\college\games engineering\boostrw\rwmonitor\rwmonitor\player.cpp(29): warning C4305: '-=': truncation from 'double' to 'float'
c:\users\mattgerig\documents\college\games engineering\boostrw\rwmonitor\rwmonitor\player.cpp(34): warning C4305: '+=': truncation from 'double' to 'float'
  Generating Code...
Player.obj : error LNK2019: unresolved external symbol "__declspec(dllimport) public: static bool __cdecl sf::Keyboard::isKeyPressed(enum sf::Keyboard::Key)" (__imp_?isKeyPressed@Keyboard@sf@@SA_NW4Key@12@@Z) referenced in function "public: void __cdecl Player::Update(void)" (?Update@Player@@QEAAXXZ)
Player.obj : error LNK2019: unresolved external symbol "__declspec(dllimport) public: void __cdecl sf::Transformable::setPosition(class sf::Vector2<float> const &)" (__imp_?setPosition@Transformable@sf@@QEAAXAEBV?$Vector2@M@2@@Z) referenced in function "public: void __cdecl Player::Draw(class sf::RenderWindow &)" (?Draw@Player@@QEAAXAEAVRenderWindow@sf@@@Z)
Player.obj : error LNK2019: unresolved external symbol "__declspec(dllimport) public: void __cdecl sf::Transformable::setScale(float,float)" (__imp_?setScale@Transformable@sf@@QEAAXMM@Z) referenced in function "public: void __cdecl Player::LoadAssets(void)" (?LoadAssets@Player@@QEAAXXZ)
Player.obj : error LNK2019: unresolved external symbol "__declspec(dllimport) public: __cdecl sf::Texture::Texture(void)" (__imp_??0Texture@sf@@QEAA@XZ) referenced in function "public: __cdecl Player::Player(class sf::Vector2<float>)" (??0Player@@QEAA@V?$Vector2@M@sf@@@Z)
Player.obj : error LNK2019: unresolved external symbol "__declspec(dllimport) public: __cdecl sf::Texture::~Texture(void)" (__imp_??1Texture@sf@@QEAA@XZ) referenced in function "int `public: __cdecl Player::Player(class sf::Vector2<float>)'::`1'::dtor$0" (?dtor$0@?0???0Player@@QEAA@V?$Vector2@M@sf@@@Z@4HA)
RWMonitor.obj : error LNK2001: unresolved external symbol "__declspec(dllimport) public: __cdecl sf::Texture::~Texture(void)" (__imp_??1Texture@sf@@QEAA@XZ)
Player.obj : error LNK2019: unresolved external symbol "__declspec(dllimport) public: bool __cdecl sf::Texture::loadFromFile(class std::basic_string<char,struct std::char_traits<char>,class std::allocator<char> > const &,class sf::Rect<int> const &)" (__imp_?loadFromFile@Texture@sf@@QEAA_NAEBV?$basic_string@DU?$char_traits@D@std@@V?$allocator@D@2@@std@@AEBV?$Rect@H@2@@Z) referenced in function "public: void __cdecl Player::LoadAssets(void)" (?LoadAssets@Player@@QEAAXXZ)
Player.obj : error LNK2019: unresolved external symbol "__declspec(dllimport) public: class sf::Vector2<unsigned int> __cdecl sf::Texture::getSize(void)const " (__imp_?getSize@Texture@sf@@QEBA?AV?$Vector2@I@2@XZ) referenced in function "public: void __cdecl Player::LoadAssets(void)" (?LoadAssets@Player@@QEAAXXZ)
Player.obj : error LNK2019: unresolved external symbol "__declspec(dllimport) public: void __cdecl sf::RenderTarget::draw(class sf::Drawable const &,class sf::RenderStates const &)" (__imp_?draw@RenderTarget@sf@@QEAAXAEBVDrawable@2@AEBVRenderStates@2@@Z) referenced in function "public: void __cdecl Player::Draw(class sf::RenderWindow &)" (?Draw@Player@@QEAAXAEAVRenderWindow@sf@@@Z)
Player.obj : error LNK2019: unresolved external symbol "__declspec(dllimport) public: __cdecl sf::Sprite::Sprite(void)" (__imp_??0Sprite@sf@@QEAA@XZ) referenced in function "public: __cdecl Player::Player(class sf::Vector2<float>)" (??0Player@@QEAA@V?$Vector2@M@sf@@@Z)
Player.obj : error LNK2019: unresolved external symbol "__declspec(dllimport) public: void __cdecl sf::Sprite::setTexture(class sf::Texture const &,bool)" (__imp_?setTexture@Sprite@sf@@QEAAXAEBVTexture@2@_N@Z) referenced in function "public: void __cdecl Player::LoadAssets(void)" (?LoadAssets@Player@@QEAAXXZ)
Player.obj : error LNK2019: unresolved external symbol "__declspec(dllimport) public: void __cdecl sf::Sprite::setTextureRect(class sf::Rect<int> const &)" (__imp_?setTextureRect@Sprite@sf@@QEAAXAEBV?$Rect@H@2@@Z) referenced in function "public: void __cdecl Player::LoadAssets(void)" (?LoadAssets@Player@@QEAAXXZ)
Player.obj : error LNK2019: unresolved external symbol "__declspec(dllimport) public: virtual __cdecl sf::Sprite::~Sprite(void)" (__imp_??1Sprite@sf@@UEAA@XZ) referenced in function "int `public: __cdecl Player::Player(class sf::Vector2<float>)'::`1'::dtor$1" (?dtor$1@?0???0Player@@QEAA@V?$Vector2@M@sf@@@Z@4HA)
RWMonitor.obj : error LNK2001: unresolved external symbol "__declspec(dllimport) public: virtual __cdecl sf::Sprite::~Sprite(void)" (__imp_??1Sprite@sf@@UEAA@XZ)
Player.obj : error LNK2001: unresolved external symbol "__declspec(dllimport) public: static class sf::RenderStates const sf::RenderStates::Default" (__imp_?Default@RenderStates@sf@@2V12@B)
RWMonitor.obj : error LNK2019: unresolved external symbol "__declspec(dllimport) public: __cdecl sql::SQLString::~SQLString(void)" (__imp_??1SQLString@sql@@QEAA@XZ) referenced in function main
RWMonitor.obj : error LNK2019: unresolved external symbol "__declspec(dllimport) public: __cdecl sql::SQLString::SQLString(char const * const)" (__imp_??0SQLString@sql@@QEAA@QEBD@Z) referenced in function main
RWMonitor.obj : error LNK2019: unresolved external symbol "__declspec(dllimport) public: class std::basic_string<char,struct std::char_traits<char>,class std::allocator<char> > const & __cdecl sql::SQLString::asStdString(void)const " (__imp_?asStdString@SQLString@sql@@QEBAAEBV?$basic_string@DU?$char_traits@D@std@@V?$allocator@D@2@@std@@XZ) referenced in function "class std::basic_ostream<char,struct std::char_traits<char> > & __cdecl std::operator<<(class std::basic_ostream<char,struct std::char_traits<char> > &,class sql::SQLString const &)" (??6std@@YAAEAV?$basic_ostream@DU?$char_traits@D@std@@@0@AEAV10@AEBVSQLString@sql@@@Z)
RWMonitor.obj : error LNK2019: unresolved external symbol "__declspec(dllimport) public: class std::basic_string<char,struct std::char_traits<char>,class std::allocator<char> > const & __cdecl sql::SQLException::getSQLState(void)const " (__imp_?getSQLState@SQLException@sql@@QEBAAEBV?$basic_string@DU?$char_traits@D@std@@V?$allocator@D@2@@std@@XZ) referenced in function __catch$main$0
RWMonitor.obj : error LNK2019: unresolved external symbol "__declspec(dllimport) public: int __cdecl sql::SQLException::getErrorCode(void)const " (__imp_?getErrorCode@SQLException@sql@@QEBAHXZ) referenced in function __catch$main$0
RWMonitor.obj : error LNK2019: unresolved external symbol __imp_get_driver_instance referenced in function main
RWMonitor.obj : error LNK2019: unresolved external symbol "__declspec(dllimport) public: __cdecl sf::String::String(char const *,class std::locale const &)" (__imp_??0String@sf@@QEAA@PEBDAEBVlocale@std@@@Z) referenced in function main
RWMonitor.obj : error LNK2019: unresolved external symbol "__declspec(dllimport) public: __cdecl sf::String::~String(void)" (__imp_??1String@sf@@QEAA@XZ) referenced in function main
RWMonitor.obj : error LNK2019: unresolved external symbol "__declspec(dllimport) public: __cdecl sf::VideoMode::VideoMode(unsigned int,unsigned int,unsigned int)" (__imp_??0VideoMode@sf@@QEAA@III@Z) referenced in function main
RWMonitor.obj : error LNK2019: unresolved external symbol "__declspec(dllimport) public: bool __cdecl sf::Window::isOpen(void)const " (__imp_?isOpen@Window@sf@@QEBA_NXZ) referenced in function main
RWMonitor.obj : error LNK2019: unresolved external symbol "__declspec(dllimport) public: void __cdecl sf::Window::display(void)" (__imp_?display@Window@sf@@QEAAXXZ) referenced in function main
RWMonitor.obj : error LNK2019: unresolved external symbol "__declspec(dllimport) public: __cdecl sf::Color::Color(unsigned char,unsigned char,unsigned char,unsigned char)" (__imp_??0Color@sf@@QEAA@EEEE@Z) referenced in function main
RWMonitor.obj : error LNK2019: unresolved external symbol "__declspec(dllimport) public: void __cdecl sf::RenderTarget::clear(class sf::Color const &)" (__imp_?clear@RenderTarget@sf@@QEAAXAEBVColor@2@@Z) referenced in function main
RWMonitor.obj : error LNK2019: unresolved external symbol "__declspec(dllimport) public: __cdecl sf::RenderWindow::RenderWindow(class sf::VideoMode,class sf::String const &,unsigned int,struct sf::ContextSettings const &)" (__imp_??0RenderWindow@sf@@QEAA@VVideoMode@1@AEBVString@1@IAEBUContextSettings@1@@Z) referenced in function main
RWMonitor.obj : error LNK2019: unresolved external symbol "__declspec(dllimport) public: virtual __cdecl sf::RenderWindow::~RenderWindow(void)" (__imp_??1RenderWindow@sf@@UEAA@XZ) referenced in function main
C:\boost_1_60_0\stage\lib\libboost_regex-vc140-mt-gd-1_60.lib : warning LNK4272: library machine type 'X86' conflicts with target machine type 'x64'
C:\Users\MattGerig\Documents\College\Games Engineering\BoostRW\RWMonitor\x64\Debug\RWMonitor.exe : fatal error LNK1120: 28 unresolved externals
