c:\users\mattgerig\documents\college\games engineering\boostrw\rwmonitor\rwmonitor\debug\rwmonitor.pch
c:\users\mattgerig\documents\college\games engineering\boostrw\rwmonitor\rwmonitor\debug\vc140.pdb
c:\users\mattgerig\documents\college\games engineering\boostrw\rwmonitor\rwmonitor\debug\vc140.idb
c:\users\mattgerig\documents\college\games engineering\boostrw\rwmonitor\rwmonitor\debug\stdafx.obj
c:\users\mattgerig\documents\college\games engineering\boostrw\rwmonitor\rwmonitor\debug\achievement.obj
c:\users\mattgerig\documents\college\games engineering\boostrw\rwmonitor\rwmonitor\debug\achievementwatcher.obj
c:\users\mattgerig\documents\college\games engineering\boostrw\rwmonitor\rwmonitor\debug\player.obj
c:\users\mattgerig\documents\college\games engineering\boostrw\rwmonitor\rwmonitor\debug\reachedachievement.obj
c:\users\mattgerig\documents\college\games engineering\boostrw\rwmonitor\rwmonitor\debug\rwmonitor.obj
c:\users\mattgerig\documents\college\games engineering\boostrw\rwmonitor\rwmonitor\debug\mythreadpool.obj
c:\users\matt\desktop\boostrw\rwmonitor\rwmonitor\debug\rwmonitor.pch
c:\users\matt\desktop\boostrw\rwmonitor\rwmonitor\debug\vc140.pdb
c:\users\matt\desktop\boostrw\rwmonitor\rwmonitor\debug\vc140.idb
c:\users\matt\desktop\boostrw\rwmonitor\rwmonitor\debug\stdafx.obj
c:\users\matt\desktop\boostrw\rwmonitor\rwmonitor\debug\mythreadpool.obj
c:\users\matt\desktop\boostrw\rwmonitor\rwmonitor\debug\player.obj
c:\users\matt\desktop\boostrw\rwmonitor\rwmonitor\debug\rwmonitor.obj
c:\users\matt\desktop\boostrw\rwmonitor\rwmonitor\debug\achievementwatcher.obj
c:\users\mattgerig\documents\college\games engineering\boostrw\rwmonitor\debug\rwmonitor.ilk
c:\users\mattgerig\documents\college\games engineering\boostrw\rwmonitor\debug\rwmonitor.exe
c:\users\mattgerig\documents\college\games engineering\boostrw\rwmonitor\debug\rwmonitor.pdb
c:\users\matt\desktop\boostrw\rwmonitor\debug\rwmonitor.pdb
c:\users\matt\desktop\boostrw\rwmonitor\debug\rwmonitor.exe
c:\users\matt\desktop\boostrw\rwmonitor\debug\rwmonitor.ilk
c:\users\matt\desktop\boostrw\rwmonitor\rwmonitor\debug\rwmonitor.tlog\cl.command.1.tlog
c:\users\matt\desktop\boostrw\rwmonitor\rwmonitor\debug\rwmonitor.tlog\cl.read.1.tlog
c:\users\matt\desktop\boostrw\rwmonitor\rwmonitor\debug\rwmonitor.tlog\cl.write.1.tlog
c:\users\matt\desktop\boostrw\rwmonitor\rwmonitor\debug\rwmonitor.tlog\link.command.1.tlog
c:\users\matt\desktop\boostrw\rwmonitor\rwmonitor\debug\rwmonitor.tlog\link.read.1.tlog
c:\users\matt\desktop\boostrw\rwmonitor\rwmonitor\debug\rwmonitor.tlog\link.write.1.tlog
